Using pre-set license
Built from '2020.3/staging' branch; Version is '2020.3.0f1 (c7b5465681fb) revision 13088070'; Using compiler version '192528614'; Build Type 'Release'
OS: 'Windows 10 Home; OS build 19045.4651; Version 2009; 64bit' Language: 'en' Physical Memory: 6062 MB
BatchMode: 1, IsHumanControllingUs: 0, StartBugReporterOnCrash: 0, Is64bit: 1, IsPro: 0

 COMMAND LINE ARGUMENTS:
C:\Program Files\Unity\Editor\Unity.exe
-adb2
-batchMode
-noUpm
-name
AssetImportWorker0
-projectPath
C:/Users/bella/OneDrive/Documents/GitHub/Meggy-0/Meggy 0
-logFile
Logs/AssetImportWorker0.log
-srvPort
61632
Successfully changed project path to: C:/Users/bella/OneDrive/Documents/GitHub/Meggy-0/Meggy 0
C:/Users/bella/OneDrive/Documents/GitHub/Meggy-0/Meggy 0
Using Asset Import Pipeline V2.
Refreshing native plugins compatible for Editor in 45.15 ms, found 1 plugins.
Preloading 0 native plugins for Editor in 0.00 ms.
Initialize engine version: 2020.3.0f1 (c7b5465681fb)
[Subsystems] Discovering subsystems at path C:/Program Files/Unity/Editor/Data/Resources/UnitySubsystems
[Subsystems] Discovering subsystems at path C:/Users/bella/OneDrive/Documents/GitHub/Meggy-0/Meggy 0/Assets
GfxDevice: creating device client; threaded=0
Direct3D:
    Version:  Direct3D 11.0 [level 11.1]
    Renderer: AMD Radeon(TM) Vega 8 Graphics (ID=0x15dd)
    Vendor:   
    VRAM:     3031 MB
    Driver:   30.0.13023.4001
Initialize mono
Mono path[0] = 'C:/Program Files/Unity/Editor/Data/Managed'
Mono path[1] = 'C:/Program Files/Unity/Editor/Data/MonoBleedingEdge/lib/mono/unityjit'
Mono config path = 'C:/Program Files/Unity/Editor/Data/MonoBleedingEdge/etc'
Using monoOptions --debugger-agent=transport=dt_socket,embedding=1,server=y,suspend=n,address=127.0.0.1:56656
Begin MonoManager ReloadAssembly
Registering precompiled unity dll's ...
Register platform support module: C:/Program Files/Unity/Editor/Data/PlaybackEngines/WindowsStandaloneSupport/UnityEditor.WindowsStandalone.Extensions.dll
Registered in 0.003479 seconds.
Native extension for WindowsStandalone target not found
Refreshing native plugins compatible for Editor in 47.85 ms, found 1 plugins.
Preloading 0 native plugins for Editor in 0.00 ms.
Invoked RoslynAnalysisRunner static constructor.
RoslynAnalysisRunner will not be running.
RoslynAnalysisRunner has terminated.
Mono: successfully reloaded assembly
- Completed reload, in  1.842 seconds
Platform modules already initialized, skipping
Registering precompiled user dll's ...
Registered in 0.001541 seconds.
Begin MonoManager ReloadAssembly
Native extension for WindowsStandalone target not found
Refreshing native plugins compatible for Editor in 46.91 ms, found 1 plugins.
Preloading 0 native plugins for Editor in 0.00 ms.
Invoked RoslynAnalysisRunner static constructor.
RoslynAnalysisRunner will not be running.
RoslynAnalysisRunner has terminated.
Mono: successfully reloaded assembly
- Completed reload, in  1.665 seconds
Platform modules already initialized, skipping
========================================================================
Worker process is ready to serve import requests
Launched and connected shader compiler UnityShaderCompiler.exe after 0.07 seconds
Refreshing native plugins compatible for Editor in 0.59 ms, found 1 plugins.
Preloading 0 native plugins for Editor in 0.00 ms.
Unloading 1813 Unused Serialized files (Serialized files now loaded: 0)
System memory in use before: 85.0 MB.
System memory in use after: 85.0 MB.

Unloading 23 unused Assets to reduce memory usage. Loaded Objects now: 2259.
Total: 2.898800 ms (FindLiveObjects: 0.278000 ms CreateObjectMapping: 0.077400 ms MarkObjects: 2.376000 ms  DeleteObjects: 0.165400 ms)

========================================================================
Received Import Request.
  path: Assets/Sprites/Icons
  artifactKey: Guid(2f8235c94ea6430408b67472d580e974) Importer(815301076,1909f56bfc062723c751e8b465ee728b)
Start importing Assets/Sprites/Icons using Guid(2f8235c94ea6430408b67472d580e974) Importer(815301076,1909f56bfc062723c751e8b465ee728b)  -> (artifact id: 'a5381644d48d23a6fb06d1921112ce6a') in 0.008880 seconds
  Import took 0.013444 seconds .

========================================================================
Received Import Request.
  Time since last request: 5.926720 seconds.
  path: Assets/Sprites/Icons/Hammer_Icon.png
  artifactKey: Guid(b13cdf6a22d33be4db641abf8d294538) Importer(815301076,1909f56bfc062723c751e8b465ee728b)
Start importing Assets/Sprites/Icons/Hammer_Icon.png using Guid(b13cdf6a22d33be4db641abf8d294538) Importer(815301076,1909f56bfc062723c751e8b465ee728b)  -> (artifact id: '16f05ac9b4122c5655ef4c262e4cb1fe') in 0.191046 seconds
  Import took 0.196149 seconds .

========================================================================
Received Import Request.
  Time since last request: 0.000685 seconds.
  path: Assets/Sprites/Icons/Safety_Cloak_Icon.png
  artifactKey: Guid(51243d2986435e644b3d2e72537a89a1) Importer(815301076,1909f56bfc062723c751e8b465ee728b)
Start importing Assets/Sprites/Icons/Safety_Cloak_Icon.png using Guid(51243d2986435e644b3d2e72537a89a1) Importer(815301076,1909f56bfc062723c751e8b465ee728b)  -> (artifact id: '6595c0cc3833843fd4369252266dd946') in 0.013050 seconds
  Import took 0.016881 seconds .

========================================================================
Received Import Request.
  Time since last request: 0.000680 seconds.
  path: Assets/Sprites/Icons/Splattershot_Icon.png
  artifactKey: Guid(fb57321ce44b2fb45aed7f6f420ed039) Importer(815301076,1909f56bfc062723c751e8b465ee728b)
Start importing Assets/Sprites/Icons/Splattershot_Icon.png using Guid(fb57321ce44b2fb45aed7f6f420ed039) Importer(815301076,1909f56bfc062723c751e8b465ee728b)  -> (artifact id: '30285cc95093b760eabb2a0a80cb78d6') in 0.011910 seconds
  Import took 0.015580 seconds .

========================================================================
Received Import Request.
  Time since last request: 15.692321 seconds.
  path: Assets/Sprites/Icons/Hammer_Icon.png
  artifactKey: Guid(b13cdf6a22d33be4db641abf8d294538) Importer(815301076,1909f56bfc062723c751e8b465ee728b)
Start importing Assets/Sprites/Icons/Hammer_Icon.png using Guid(b13cdf6a22d33be4db641abf8d294538) Importer(815301076,1909f56bfc062723c751e8b465ee728b)  -> (artifact id: '17ccc8f586d933b10cdf875b36403304') in 0.011813 seconds
  Import took 0.016113 seconds .

========================================================================
Received Import Request.
  Time since last request: 0.000917 seconds.
  path: Assets/Sprites/Icons/Safety_Cloak_Icon.png
  artifactKey: Guid(51243d2986435e644b3d2e72537a89a1) Importer(815301076,1909f56bfc062723c751e8b465ee728b)
Start importing Assets/Sprites/Icons/Safety_Cloak_Icon.png using Guid(51243d2986435e644b3d2e72537a89a1) Importer(815301076,1909f56bfc062723c751e8b465ee728b)  -> (artifact id: '6c3da187b12bb648ebf4203ddc217fa4') in 0.010562 seconds
  Import took 0.015169 seconds .

========================================================================
Received Import Request.
  Time since last request: 0.000897 seconds.
  path: Assets/Sprites/Icons/Hammer_Icon.png
  artifactKey: Guid(b13cdf6a22d33be4db641abf8d294538) Importer(815301076,1909f56bfc062723c751e8b465ee728b)
Start importing Assets/Sprites/Icons/Hammer_Icon.png using Guid(b13cdf6a22d33be4db641abf8d294538) Importer(815301076,1909f56bfc062723c751e8b465ee728b)  -> (artifact id: '17ccc8f586d933b10cdf875b36403304') in 0.012019 seconds
  Import took 0.016060 seconds .

========================================================================
Received Import Request.
  Time since last request: 0.000902 seconds.
  path: Assets/Sprites/Icons/Splattershot_Icon.png
  artifactKey: Guid(fb57321ce44b2fb45aed7f6f420ed039) Importer(815301076,1909f56bfc062723c751e8b465ee728b)
Start importing Assets/Sprites/Icons/Splattershot_Icon.png using Guid(fb57321ce44b2fb45aed7f6f420ed039) Importer(815301076,1909f56bfc062723c751e8b465ee728b)  -> (artifact id: '94f1457909ab946d0d2e73bf80e51697') in 0.014042 seconds
  Import took 0.019306 seconds .

========================================================================
Received Prepare
Registering precompiled user dll's ...
Registered in 0.001477 seconds.
Begin MonoManager ReloadAssembly
Native extension for WindowsStandalone target not found
Refreshing native plugins compatible for Editor in 0.49 ms, found 1 plugins.
Preloading 0 native plugins for Editor in 0.00 ms.
Invoked RoslynAnalysisRunner static constructor.
RoslynAnalysisRunner will not be running.
RoslynAnalysisRunner has terminated.
Mono: successfully reloaded assembly
- Completed reload, in  1.362 seconds
Platform modules already initialized, skipping
Refreshing native plugins compatible for Editor in 0.42 ms, found 1 plugins.
Preloading 0 native plugins for Editor in 0.00 ms.
Unloading 1808 Unused Serialized files (Serialized files now loaded: 0)
System memory in use before: 88.1 MB.
System memory in use after: 88.0 MB.

Unloading 12 unused Assets to reduce memory usage. Loaded Objects now: 2269.
Total: 2.943400 ms (FindLiveObjects: 0.249600 ms CreateObjectMapping: 0.067100 ms MarkObjects: 2.463900 ms  DeleteObjects: 0.160800 ms)

========================================================================
Received Prepare
Registering precompiled user dll's ...
Registered in 0.001824 seconds.
Begin MonoManager ReloadAssembly
Native extension for WindowsStandalone target not found
Refreshing native plugins compatible for Editor in 0.45 ms, found 1 plugins.
Preloading 0 native plugins for Editor in 0.00 ms.
Invoked RoslynAnalysisRunner static constructor.
RoslynAnalysisRunner will not be running.
RoslynAnalysisRunner has terminated.
Mono: successfully reloaded assembly
- Completed reload, in  1.570 seconds
Platform modules already initialized, skipping
Refreshing native plugins compatible for Editor in 0.60 ms, found 1 plugins.
Preloading 0 native plugins for Editor in 0.00 ms.
Unloading 1808 Unused Serialized files (Serialized files now loaded: 0)
System memory in use before: 88.1 MB.
System memory in use after: 88.1 MB.

Unloading 12 unused Assets to reduce memory usage. Loaded Objects now: 2273.
Total: 4.039600 ms (FindLiveObjects: 0.467100 ms CreateObjectMapping: 0.101700 ms MarkObjects: 3.258300 ms  DeleteObjects: 0.210200 ms)

========================================================================
Received Prepare
Registering precompiled user dll's ...
Registered in 0.003095 seconds.
Begin MonoManager ReloadAssembly
Native extension for WindowsStandalone target not found
Refreshing native plugins compatible for Editor in 1.26 ms, found 1 plugins.
Preloading 0 native plugins for Editor in 0.00 ms.
Invoked RoslynAnalysisRunner static constructor.
RoslynAnalysisRunner will not be running.
RoslynAnalysisRunner has terminated.
Mono: successfully reloaded assembly
- Completed reload, in  1.981 seconds
Platform modules already initialized, skipping
Refreshing native plugins compatible for Editor in 1.07 ms, found 1 plugins.
Preloading 0 native plugins for Editor in 0.00 ms.
Unloading 1808 Unused Serialized files (Serialized files now loaded: 0)
System memory in use before: 88.1 MB.
System memory in use after: 88.1 MB.

Unloading 12 unused Assets to reduce memory usage. Loaded Objects now: 2277.
Total: 6.534300 ms (FindLiveObjects: 0.980700 ms CreateObjectMapping: 0.152000 ms MarkObjects: 5.022600 ms  DeleteObjects: 0.375200 ms)

========================================================================
Received Prepare
Registering precompiled user dll's ...
Registered in 0.003354 seconds.
Begin MonoManager ReloadAssembly
Native extension for WindowsStandalone target not found
Refreshing native plugins compatible for Editor in 1.16 ms, found 1 plugins.
Preloading 0 native plugins for Editor in 0.00 ms.
Invoked RoslynAnalysisRunner static constructor.
RoslynAnalysisRunner will not be running.
RoslynAnalysisRunner has terminated.
Mono: successfully reloaded assembly
- Completed reload, in  2.121 seconds
Platform modules already initialized, skipping
Refreshing native plugins compatible for Editor in 1.40 ms, found 1 plugins.
Preloading 0 native plugins for Editor in 0.00 ms.
Unloading 1808 Unused Serialized files (Serialized files now loaded: 0)
System memory in use before: 88.1 MB.
System memory in use after: 88.1 MB.

Unloading 12 unused Assets to reduce memory usage. Loaded Objects now: 2281.
Total: 7.152500 ms (FindLiveObjects: 0.925100 ms CreateObjectMapping: 0.195700 ms MarkObjects: 5.571600 ms  DeleteObjects: 0.456200 ms)

========================================================================
Received Prepare
Registering precompiled user dll's ...
Registered in 0.002746 seconds.
Begin MonoManager ReloadAssembly
Native extension for WindowsStandalone target not found
Refreshing native plugins compatible for Editor in 1.10 ms, found 1 plugins.
Preloading 0 native plugins for Editor in 0.00 ms.
Invoked RoslynAnalysisRunner static constructor.
RoslynAnalysisRunner will not be running.
RoslynAnalysisRunner has terminated.
Mono: successfully reloaded assembly
- Completed reload, in  2.033 seconds
Platform modules already initialized, skipping
Refreshing native plugins compatible for Editor in 1.08 ms, found 1 plugins.
Preloading 0 native plugins for Editor in 0.00 ms.
Unloading 1808 Unused Serialized files (Serialized files now loaded: 0)
System memory in use before: 88.1 MB.
System memory in use after: 88.1 MB.

Unloading 12 unused Assets to reduce memory usage. Loaded Objects now: 2285.
Total: 7.393600 ms (FindLiveObjects: 1.001600 ms CreateObjectMapping: 0.209700 ms MarkObjects: 5.934000 ms  DeleteObjects: 0.174800 ms)

AssetImportWorkerClient::OnTransportError - code=2 error=End of file
