Using pre-set license
Built from '2020.3/staging' branch; Version is '2020.3.0f1 (c7b5465681fb) revision 13088070'; Using compiler version '192528614'; Build Type 'Release'
OS: 'Windows 10 Home; OS build 19045.4651; Version 2009; 64bit' Language: 'en' Physical Memory: 6062 MB
BatchMode: 1, IsHumanControllingUs: 0, StartBugReporterOnCrash: 0, Is64bit: 1, IsPro: 0

 COMMAND LINE ARGUMENTS:
C:\Program Files\Unity\Editor\Unity.exe
-adb2
-batchMode
-noUpm
-name
AssetImportWorker0
-projectPath
C:/Users/bella/OneDrive/Documents/GitHub/Meggy-0/Meggy 0
-logFile
Logs/AssetImportWorker0.log
-srvPort
64499
Successfully changed project path to: C:/Users/bella/OneDrive/Documents/GitHub/Meggy-0/Meggy 0
C:/Users/bella/OneDrive/Documents/GitHub/Meggy-0/Meggy 0
Using Asset Import Pipeline V2.
Refreshing native plugins compatible for Editor in 55.78 ms, found 1 plugins.
Preloading 0 native plugins for Editor in 0.00 ms.
Initialize engine version: 2020.3.0f1 (c7b5465681fb)
[Subsystems] Discovering subsystems at path C:/Program Files/Unity/Editor/Data/Resources/UnitySubsystems
[Subsystems] Discovering subsystems at path C:/Users/bella/OneDrive/Documents/GitHub/Meggy-0/Meggy 0/Assets
GfxDevice: creating device client; threaded=0
Direct3D:
    Version:  Direct3D 11.0 [level 11.1]
    Renderer: AMD Radeon(TM) Vega 8 Graphics (ID=0x15dd)
    Vendor:   
    VRAM:     3031 MB
    Driver:   30.0.13023.4001
Initialize mono
Mono path[0] = 'C:/Program Files/Unity/Editor/Data/Managed'
Mono path[1] = 'C:/Program Files/Unity/Editor/Data/MonoBleedingEdge/lib/mono/unityjit'
Mono config path = 'C:/Program Files/Unity/Editor/Data/MonoBleedingEdge/etc'
Using monoOptions --debugger-agent=transport=dt_socket,embedding=1,server=y,suspend=n,address=127.0.0.1:56524
Begin MonoManager ReloadAssembly
Registering precompiled unity dll's ...
Register platform support module: C:/Program Files/Unity/Editor/Data/PlaybackEngines/WindowsStandaloneSupport/UnityEditor.WindowsStandalone.Extensions.dll
Registered in 0.005078 seconds.
Native extension for WindowsStandalone target not found
Refreshing native plugins compatible for Editor in 50.49 ms, found 1 plugins.
Preloading 0 native plugins for Editor in 0.00 ms.
Invoked RoslynAnalysisRunner static constructor.
RoslynAnalysisRunner will not be running.
RoslynAnalysisRunner has terminated.
Mono: successfully reloaded assembly
- Completed reload, in  2.970 seconds
Platform modules already initialized, skipping
Registering precompiled user dll's ...
Registered in 0.003538 seconds.
Begin MonoManager ReloadAssembly
Native extension for WindowsStandalone target not found
Refreshing native plugins compatible for Editor in 56.95 ms, found 1 plugins.
Preloading 0 native plugins for Editor in 0.00 ms.
Invoked RoslynAnalysisRunner static constructor.
RoslynAnalysisRunner will not be running.
RoslynAnalysisRunner has terminated.
Mono: successfully reloaded assembly
- Completed reload, in  1.602 seconds
Platform modules already initialized, skipping
========================================================================
Worker process is ready to serve import requests
Launched and connected shader compiler UnityShaderCompiler.exe after 0.08 seconds
Refreshing native plugins compatible for Editor in 0.95 ms, found 1 plugins.
Preloading 0 native plugins for Editor in 0.00 ms.
Unloading 1813 Unused Serialized files (Serialized files now loaded: 0)
System memory in use before: 85.0 MB.
System memory in use after: 84.9 MB.

Unloading 23 unused Assets to reduce memory usage. Loaded Objects now: 2259.
Total: 3.286400 ms (FindLiveObjects: 0.353000 ms CreateObjectMapping: 0.150700 ms MarkObjects: 2.632800 ms  DeleteObjects: 0.148000 ms)

========================================================================
Received Import Request.
  path: Assets/Sprites/Player1/Meggy_Idle_5.png
  artifactKey: Guid(6d245f92fa7e16840a3a816f1dad8258) Importer(815301076,1909f56bfc062723c751e8b465ee728b)
Start importing Assets/Sprites/Player1/Meggy_Idle_5.png using Guid(6d245f92fa7e16840a3a816f1dad8258) Importer(815301076,1909f56bfc062723c751e8b465ee728b)  -> (artifact id: 'f793f5036ada90a7b9e4e57ef33d8865') in 0.200618 seconds
  Import took 0.205098 seconds .

========================================================================
Received Import Request.
  Time since last request: 0.001327 seconds.
  path: Assets/Sprites/Player1/Meggy_Idle_4.png
  artifactKey: Guid(6752485e2b7003c4e93266e5bd187fde) Importer(815301076,1909f56bfc062723c751e8b465ee728b)
Start importing Assets/Sprites/Player1/Meggy_Idle_4.png using Guid(6752485e2b7003c4e93266e5bd187fde) Importer(815301076,1909f56bfc062723c751e8b465ee728b)  -> (artifact id: '0f7944bc8fddf2a62dc8cd78791b88fe') in 0.020878 seconds
  Import took 0.025312 seconds .

========================================================================
Received Import Request.
  Time since last request: 0.000850 seconds.
  path: Assets/Sprites/Player1/Meggy_Idle_6.png
  artifactKey: Guid(237ac64146f58444797eedfccc309f6a) Importer(815301076,1909f56bfc062723c751e8b465ee728b)
Start importing Assets/Sprites/Player1/Meggy_Idle_6.png using Guid(237ac64146f58444797eedfccc309f6a) Importer(815301076,1909f56bfc062723c751e8b465ee728b)  -> (artifact id: 'e2154f2d286738faf655f63f8c37ac65') in 0.020925 seconds
  Import took 0.026396 seconds .

========================================================================
Received Import Request.
  Time since last request: 1.193347 seconds.
  path: Assets/Sprites/Player1/Idles
  artifactKey: Guid(96d902f1860d607408b2929ed990f26b) Importer(815301076,1909f56bfc062723c751e8b465ee728b)
Start importing Assets/Sprites/Player1/Idles using Guid(96d902f1860d607408b2929ed990f26b) Importer(815301076,1909f56bfc062723c751e8b465ee728b)  -> (artifact id: '8f3a0826addd22a93f3f7e5773e822ab') in 0.006717 seconds
  Import took 0.015872 seconds .

========================================================================
Received Import Request.
  Time since last request: 13.778974 seconds.
  path: Assets/Sprites/Player1/Idles/Meggy_Idle_5.png
  artifactKey: Guid(6d245f92fa7e16840a3a816f1dad8258) Importer(815301076,1909f56bfc062723c751e8b465ee728b)
Start importing Assets/Sprites/Player1/Idles/Meggy_Idle_5.png using Guid(6d245f92fa7e16840a3a816f1dad8258) Importer(815301076,1909f56bfc062723c751e8b465ee728b)  -> (artifact id: '65e4e665a53b4cc53f8f79f8e88ed072') in 0.010444 seconds
  Import took 0.016232 seconds .

========================================================================
Received Import Request.
  Time since last request: 0.002868 seconds.
  path: Assets/Sprites/Player1/Idles/Meggy_Idle_5.png
  artifactKey: Guid(6d245f92fa7e16840a3a816f1dad8258) Importer(815301076,1909f56bfc062723c751e8b465ee728b)
Start importing Assets/Sprites/Player1/Idles/Meggy_Idle_5.png using Guid(6d245f92fa7e16840a3a816f1dad8258) Importer(815301076,1909f56bfc062723c751e8b465ee728b)  -> (artifact id: '65e4e665a53b4cc53f8f79f8e88ed072') in 0.009047 seconds
  Import took 0.013770 seconds .

========================================================================
Received Import Request.
  Time since last request: 6.219916 seconds.
  path: Assets/Sprites/Player1/Idles/Meggy_Idle_5.png
  artifactKey: Guid(6d245f92fa7e16840a3a816f1dad8258) Importer(815301076,1909f56bfc062723c751e8b465ee728b)
Start importing Assets/Sprites/Player1/Idles/Meggy_Idle_5.png using Guid(6d245f92fa7e16840a3a816f1dad8258) Importer(815301076,1909f56bfc062723c751e8b465ee728b)  -> (artifact id: '0d695ed7b5ed2fd39734c3347a1ace75') in 0.014490 seconds
  Import took 0.020395 seconds .

========================================================================
Received Prepare
Registering precompiled user dll's ...
Registered in 0.003186 seconds.
Begin MonoManager ReloadAssembly
Native extension for WindowsStandalone target not found
Refreshing native plugins compatible for Editor in 1.73 ms, found 1 plugins.
Preloading 0 native plugins for Editor in 0.00 ms.
Invoked RoslynAnalysisRunner static constructor.
RoslynAnalysisRunner will not be running.
RoslynAnalysisRunner has terminated.
Mono: successfully reloaded assembly
- Completed reload, in  2.257 seconds
Platform modules already initialized, skipping
Refreshing native plugins compatible for Editor in 1.20 ms, found 1 plugins.
Preloading 0 native plugins for Editor in 0.00 ms.
Unloading 1808 Unused Serialized files (Serialized files now loaded: 0)
System memory in use before: 88.1 MB.
System memory in use after: 88.0 MB.

Unloading 12 unused Assets to reduce memory usage. Loaded Objects now: 2275.
Total: 6.863500 ms (FindLiveObjects: 0.812500 ms CreateObjectMapping: 0.327100 ms MarkObjects: 5.361000 ms  DeleteObjects: 0.357300 ms)

========================================================================
Received Import Request.
  Time since last request: 69.835098 seconds.
  path: Assets/Sprites/Player1/Idles/Meggy_Idle_6.png
  artifactKey: Guid(237ac64146f58444797eedfccc309f6a) Importer(815301076,1909f56bfc062723c751e8b465ee728b)
Start importing Assets/Sprites/Player1/Idles/Meggy_Idle_6.png using Guid(237ac64146f58444797eedfccc309f6a) Importer(815301076,1909f56bfc062723c751e8b465ee728b)  -> (artifact id: '4bb056a8f16c5ae0c25214bf2efc5dd2') in 0.058590 seconds
  Import took 0.063984 seconds .

========================================================================
Received Import Request.
  Time since last request: 207.989284 seconds.
  path: Assets/Sprites/Player1/Idles/Meggy_Idle_6.png
  artifactKey: Guid(237ac64146f58444797eedfccc309f6a) Importer(815301076,1909f56bfc062723c751e8b465ee728b)
Start importing Assets/Sprites/Player1/Idles/Meggy_Idle_6.png using Guid(237ac64146f58444797eedfccc309f6a) Importer(815301076,1909f56bfc062723c751e8b465ee728b)  -> (artifact id: '53c1f56d949bbc0105690f247f88d534') in 0.136298 seconds
  Import took 0.142525 seconds .

========================================================================
Received Prepare
Registering precompiled user dll's ...
Registered in 0.002434 seconds.
Begin MonoManager ReloadAssembly
Native extension for WindowsStandalone target not found
Refreshing native plugins compatible for Editor in 0.76 ms, found 1 plugins.
Preloading 0 native plugins for Editor in 0.00 ms.
Invoked RoslynAnalysisRunner static constructor.
RoslynAnalysisRunner will not be running.
RoslynAnalysisRunner has terminated.
Mono: successfully reloaded assembly
- Completed reload, in  2.222 seconds
Platform modules already initialized, skipping
Refreshing native plugins compatible for Editor in 1.47 ms, found 1 plugins.
Preloading 0 native plugins for Editor in 0.00 ms.
Unloading 1808 Unused Serialized files (Serialized files now loaded: 0)
System memory in use before: 88.1 MB.
System memory in use after: 88.1 MB.

Unloading 12 unused Assets to reduce memory usage. Loaded Objects now: 2292.
Total: 5.886400 ms (FindLiveObjects: 0.797100 ms CreateObjectMapping: 0.106000 ms MarkObjects: 4.702700 ms  DeleteObjects: 0.276800 ms)

========================================================================
Received Import Request.
  Time since last request: 188.971962 seconds.
  path: Assets/Sprites/Player1/Idles/Meggy_Idle_6.png
  artifactKey: Guid(237ac64146f58444797eedfccc309f6a) Importer(815301076,1909f56bfc062723c751e8b465ee728b)
Start importing Assets/Sprites/Player1/Idles/Meggy_Idle_6.png using Guid(237ac64146f58444797eedfccc309f6a) Importer(815301076,1909f56bfc062723c751e8b465ee728b)  -> (artifact id: '2666281cea96de8507e0b258b948fb11') in 0.172191 seconds
  Import took 0.177361 seconds .

========================================================================
Received Prepare
Registering precompiled user dll's ...
Registered in 0.001794 seconds.
Begin MonoManager ReloadAssembly
Native extension for WindowsStandalone target not found
Refreshing native plugins compatible for Editor in 0.48 ms, found 1 plugins.
Preloading 0 native plugins for Editor in 0.00 ms.
Invoked RoslynAnalysisRunner static constructor.
RoslynAnalysisRunner will not be running.
RoslynAnalysisRunner has terminated.
Mono: successfully reloaded assembly
- Completed reload, in  1.807 seconds
Platform modules already initialized, skipping
Refreshing native plugins compatible for Editor in 0.62 ms, found 1 plugins.
Preloading 0 native plugins for Editor in 0.00 ms.
Unloading 1808 Unused Serialized files (Serialized files now loaded: 0)
System memory in use before: 88.1 MB.
System memory in use after: 88.1 MB.

Unloading 12 unused Assets to reduce memory usage. Loaded Objects now: 2297.
Total: 3.217300 ms (FindLiveObjects: 0.339300 ms CreateObjectMapping: 0.062600 ms MarkObjects: 2.632800 ms  DeleteObjects: 0.180800 ms)

========================================================================
Received Prepare
Registering precompiled user dll's ...
Registered in 0.001777 seconds.
Begin MonoManager ReloadAssembly
Native extension for WindowsStandalone target not found
Refreshing native plugins compatible for Editor in 0.47 ms, found 1 plugins.
Preloading 0 native plugins for Editor in 0.00 ms.
Invoked RoslynAnalysisRunner static constructor.
RoslynAnalysisRunner will not be running.
RoslynAnalysisRunner has terminated.
Mono: successfully reloaded assembly
- Completed reload, in  1.289 seconds
Platform modules already initialized, skipping
Refreshing native plugins compatible for Editor in 0.50 ms, found 1 plugins.
Preloading 0 native plugins for Editor in 0.00 ms.
Unloading 1808 Unused Serialized files (Serialized files now loaded: 0)
System memory in use before: 88.2 MB.
System memory in use after: 88.2 MB.

Unloading 12 unused Assets to reduce memory usage. Loaded Objects now: 2301.
Total: 3.088400 ms (FindLiveObjects: 0.291700 ms CreateObjectMapping: 0.074600 ms MarkObjects: 2.551800 ms  DeleteObjects: 0.168800 ms)

========================================================================
Received Import Request.
  Time since last request: 74.655363 seconds.
  path: Assets/Sprites/Player1/Idles/Meggy_Idle_4.png
  artifactKey: Guid(6752485e2b7003c4e93266e5bd187fde) Importer(815301076,1909f56bfc062723c751e8b465ee728b)
Start importing Assets/Sprites/Player1/Idles/Meggy_Idle_4.png using Guid(6752485e2b7003c4e93266e5bd187fde) Importer(815301076,1909f56bfc062723c751e8b465ee728b)  -> (artifact id: '77a0edf1b75079ec15253e9933a0df6e') in 0.054578 seconds
  Import took 0.059288 seconds .

========================================================================
Received Import Request.
  Time since last request: 314.355832 seconds.
  path: Assets/Sprites/Player1/Idles/Meggy_Idle_4.png
  artifactKey: Guid(6752485e2b7003c4e93266e5bd187fde) Importer(815301076,1909f56bfc062723c751e8b465ee728b)
Start importing Assets/Sprites/Player1/Idles/Meggy_Idle_4.png using Guid(6752485e2b7003c4e93266e5bd187fde) Importer(815301076,1909f56bfc062723c751e8b465ee728b)  -> (artifact id: 'a089f9ea16e06b62d9e10fe765bc3b2e') in 0.131599 seconds
  Import took 0.136576 seconds .

========================================================================
Received Prepare
Registering precompiled user dll's ...
Registered in 0.001779 seconds.
Begin MonoManager ReloadAssembly
Native extension for WindowsStandalone target not found
Refreshing native plugins compatible for Editor in 0.90 ms, found 1 plugins.
Preloading 0 native plugins for Editor in 0.00 ms.
Invoked RoslynAnalysisRunner static constructor.
RoslynAnalysisRunner will not be running.
RoslynAnalysisRunner has terminated.
Mono: successfully reloaded assembly
- Completed reload, in  1.687 seconds
Platform modules already initialized, skipping
Refreshing native plugins compatible for Editor in 0.51 ms, found 1 plugins.
Preloading 0 native plugins for Editor in 0.00 ms.
Unloading 1808 Unused Serialized files (Serialized files now loaded: 0)
System memory in use before: 88.2 MB.
System memory in use after: 88.2 MB.

Unloading 12 unused Assets to reduce memory usage. Loaded Objects now: 2310.
Total: 2.948800 ms (FindLiveObjects: 0.418600 ms CreateObjectMapping: 0.078100 ms MarkObjects: 2.254800 ms  DeleteObjects: 0.194800 ms)

========================================================================
Received Prepare
Registering precompiled user dll's ...
Registered in 0.006684 seconds.
Begin MonoManager ReloadAssembly
Native extension for WindowsStandalone target not found
Refreshing native plugins compatible for Editor in 0.54 ms, found 1 plugins.
Preloading 0 native plugins for Editor in 0.00 ms.
Invoked RoslynAnalysisRunner static constructor.
RoslynAnalysisRunner will not be running.
RoslynAnalysisRunner has terminated.
Mono: successfully reloaded assembly
- Completed reload, in  1.952 seconds
Platform modules already initialized, skipping
Refreshing native plugins compatible for Editor in 0.61 ms, found 1 plugins.
Preloading 0 native plugins for Editor in 0.00 ms.
Unloading 1808 Unused Serialized files (Serialized files now loaded: 0)
System memory in use before: 88.2 MB.
System memory in use after: 88.2 MB.

Unloading 12 unused Assets to reduce memory usage. Loaded Objects now: 2314.
Total: 4.731500 ms (FindLiveObjects: 0.396100 ms CreateObjectMapping: 0.101600 ms MarkObjects: 3.969500 ms  DeleteObjects: 0.261900 ms)

========================================================================
Received Import Request.
  Time since last request: 1628.026025 seconds.
  path: Assets/Player.controller
  artifactKey: Guid(3205786aa0cb70948bc1edcba2c89ed1) Importer(815301076,1909f56bfc062723c751e8b465ee728b)
Start importing Assets/Player.controller using Guid(3205786aa0cb70948bc1edcba2c89ed1) Importer(815301076,1909f56bfc062723c751e8b465ee728b)  -> (artifact id: '1bcd9fa42f3fb32b9a876cc47c18c596') in 0.141241 seconds
  Import took 0.152847 seconds .

========================================================================
Received Import Request.
  Time since last request: 170.729263 seconds.
  path: Assets/Scripts/Controller.cs
  artifactKey: Guid(5fbeb5ee22f5987469e9568cd07df3c4) Importer(815301076,1909f56bfc062723c751e8b465ee728b)
Start importing Assets/Scripts/Controller.cs using Guid(5fbeb5ee22f5987469e9568cd07df3c4) Importer(815301076,1909f56bfc062723c751e8b465ee728b)  -> (artifact id: 'ecb3d8c41392741c17fe28ac3e12621d') in 0.015388 seconds
  Import took 0.020600 seconds .

========================================================================
Received Import Request.
  Time since last request: 0.086610 seconds.
  path: Assets/Scripts/Controller.cs
  artifactKey: Guid(5fbeb5ee22f5987469e9568cd07df3c4) Importer(815301076,1909f56bfc062723c751e8b465ee728b)
Start importing Assets/Scripts/Controller.cs using Guid(5fbeb5ee22f5987469e9568cd07df3c4) Importer(815301076,1909f56bfc062723c751e8b465ee728b)  -> (artifact id: 'ecb3d8c41392741c17fe28ac3e12621d') in 0.004288 seconds
  Import took 0.010603 seconds .

========================================================================
Received Prepare
Registering precompiled user dll's ...
Registered in 0.001792 seconds.
Begin MonoManager ReloadAssembly
Native extension for WindowsStandalone target not found
Refreshing native plugins compatible for Editor in 0.52 ms, found 1 plugins.
Preloading 0 native plugins for Editor in 0.00 ms.
Invoked RoslynAnalysisRunner static constructor.
RoslynAnalysisRunner will not be running.
RoslynAnalysisRunner has terminated.
Mono: successfully reloaded assembly
- Completed reload, in  1.635 seconds
Platform modules already initialized, skipping
Refreshing native plugins compatible for Editor in 0.42 ms, found 1 plugins.
Preloading 0 native plugins for Editor in 0.00 ms.
Unloading 1808 Unused Serialized files (Serialized files now loaded: 0)
System memory in use before: 88.2 MB.
System memory in use after: 88.2 MB.

Unloading 12 unused Assets to reduce memory usage. Loaded Objects now: 2318.
Total: 8.692700 ms (FindLiveObjects: 0.869400 ms CreateObjectMapping: 0.062600 ms MarkObjects: 7.279700 ms  DeleteObjects: 0.479200 ms)

========================================================================
Received Import Request.
  Time since last request: 666.016662 seconds.
  path: Assets/Scripts/Controller.cs
  artifactKey: Guid(5fbeb5ee22f5987469e9568cd07df3c4) Importer(815301076,1909f56bfc062723c751e8b465ee728b)
Start importing Assets/Scripts/Controller.cs using Guid(5fbeb5ee22f5987469e9568cd07df3c4) Importer(815301076,1909f56bfc062723c751e8b465ee728b)  -> (artifact id: '6f1a2175172d81806575a9ccb2c8d3b8') in 0.009502 seconds
  Import took 0.013968 seconds .

========================================================================
Received Prepare
Registering precompiled user dll's ...
Registered in 0.005036 seconds.
Begin MonoManager ReloadAssembly
Native extension for WindowsStandalone target not found
Refreshing native plugins compatible for Editor in 0.52 ms, found 1 plugins.
Preloading 0 native plugins for Editor in 0.00 ms.
Invoked RoslynAnalysisRunner static constructor.
RoslynAnalysisRunner will not be running.
RoslynAnalysisRunner has terminated.
Mono: successfully reloaded assembly
- Completed reload, in  2.805 seconds
Platform modules already initialized, skipping
Refreshing native plugins compatible for Editor in 0.46 ms, found 1 plugins.
Preloading 0 native plugins for Editor in 0.00 ms.
Unloading 1808 Unused Serialized files (Serialized files now loaded: 0)
System memory in use before: 88.2 MB.
System memory in use after: 88.2 MB.

Unloading 12 unused Assets to reduce memory usage. Loaded Objects now: 2322.
Total: 11.192600 ms (FindLiveObjects: 0.900600 ms CreateObjectMapping: 0.072600 ms MarkObjects: 9.656900 ms  DeleteObjects: 0.560300 ms)

========================================================================
Received Import Request.
  Time since last request: 12963.003091 seconds.
  path: Assets/Sprites/anamations/Player1/MeggyPlayingOnPhone.anim
  artifactKey: Guid(5d6619be980eaef478616f2c2578d938) Importer(815301076,1909f56bfc062723c751e8b465ee728b)
Start importing Assets/Sprites/anamations/Player1/MeggyPlayingOnPhone.anim using Guid(5d6619be980eaef478616f2c2578d938) Importer(815301076,1909f56bfc062723c751e8b465ee728b)  -> (artifact id: '9a5aa21767acd4e66ba2fd32182e80ae') in 0.188265 seconds
  Import took 0.195751 seconds .

========================================================================
Received Import Request.
  Time since last request: 3.065571 seconds.
  path: Assets/Sprites/anamations/Player1/MeggyPlayingSwitch.anim
  artifactKey: Guid(7b44ac0b5c5f5ad49b44038211440958) Importer(815301076,1909f56bfc062723c751e8b465ee728b)
Start importing Assets/Sprites/anamations/Player1/MeggyPlayingSwitch.anim using Guid(7b44ac0b5c5f5ad49b44038211440958) Importer(815301076,1909f56bfc062723c751e8b465ee728b)  -> (artifact id: 'a2ad4b0ef550dc0847493bc5f3334c8a') in 0.007444 seconds
  Import took 0.012450 seconds .

========================================================================
Received Prepare
Registering precompiled user dll's ...
Registered in 0.001960 seconds.
Begin MonoManager ReloadAssembly
Native extension for WindowsStandalone target not found
Refreshing native plugins compatible for Editor in 0.44 ms, found 1 plugins.
Preloading 0 native plugins for Editor in 0.00 ms.
Invoked RoslynAnalysisRunner static constructor.
RoslynAnalysisRunner will not be running.
RoslynAnalysisRunner has terminated.
Mono: successfully reloaded assembly
- Completed reload, in  1.546 seconds
Platform modules already initialized, skipping
Refreshing native plugins compatible for Editor in 0.47 ms, found 1 plugins.
Preloading 0 native plugins for Editor in 0.00 ms.
Unloading 1808 Unused Serialized files (Serialized files now loaded: 0)
System memory in use before: 88.3 MB.
System memory in use after: 88.3 MB.

Unloading 12 unused Assets to reduce memory usage. Loaded Objects now: 2326.
Total: 3.446300 ms (FindLiveObjects: 0.258400 ms CreateObjectMapping: 0.060400 ms MarkObjects: 2.946600 ms  DeleteObjects: 0.179400 ms)

========================================================================
Received Prepare
Registering precompiled user dll's ...
Registered in 0.001847 seconds.
Begin MonoManager ReloadAssembly
Native extension for WindowsStandalone target not found
Refreshing native plugins compatible for Editor in 0.42 ms, found 1 plugins.
Preloading 0 native plugins for Editor in 0.00 ms.
Invoked RoslynAnalysisRunner static constructor.
RoslynAnalysisRunner will not be running.
RoslynAnalysisRunner has terminated.
Mono: successfully reloaded assembly
- Completed reload, in  1.462 seconds
Platform modules already initialized, skipping
Refreshing native plugins compatible for Editor in 0.48 ms, found 1 plugins.
Preloading 0 native plugins for Editor in 0.00 ms.
Unloading 1808 Unused Serialized files (Serialized files now loaded: 0)
System memory in use before: 88.3 MB.
System memory in use after: 88.3 MB.

Unloading 12 unused Assets to reduce memory usage. Loaded Objects now: 2330.
Total: 3.972200 ms (FindLiveObjects: 0.330300 ms CreateObjectMapping: 0.096300 ms MarkObjects: 3.358100 ms  DeleteObjects: 0.185200 ms)

========================================================================
Received Prepare
Registering precompiled user dll's ...
Registered in 0.001660 seconds.
Begin MonoManager ReloadAssembly
Native extension for WindowsStandalone target not found
Refreshing native plugins compatible for Editor in 0.59 ms, found 1 plugins.
Preloading 0 native plugins for Editor in 0.00 ms.
Invoked RoslynAnalysisRunner static constructor.
RoslynAnalysisRunner will not be running.
RoslynAnalysisRunner has terminated.
Mono: successfully reloaded assembly
- Completed reload, in  1.933 seconds
Platform modules already initialized, skipping
Refreshing native plugins compatible for Editor in 0.45 ms, found 1 plugins.
Preloading 0 native plugins for Editor in 0.00 ms.
Unloading 1808 Unused Serialized files (Serialized files now loaded: 0)
System memory in use before: 88.3 MB.
System memory in use after: 88.3 MB.

Unloading 12 unused Assets to reduce memory usage. Loaded Objects now: 2334.
Total: 3.434600 ms (FindLiveObjects: 0.285900 ms CreateObjectMapping: 0.072400 ms MarkObjects: 2.868000 ms  DeleteObjects: 0.206500 ms)

========================================================================
Received Prepare
Registering precompiled user dll's ...
Registered in 0.001992 seconds.
Begin MonoManager ReloadAssembly
Native extension for WindowsStandalone target not found
Refreshing native plugins compatible for Editor in 0.42 ms, found 1 plugins.
Preloading 0 native plugins for Editor in 0.00 ms.
Invoked RoslynAnalysisRunner static constructor.
RoslynAnalysisRunner will not be running.
RoslynAnalysisRunner has terminated.
Mono: successfully reloaded assembly
- Completed reload, in  1.485 seconds
Platform modules already initialized, skipping
Refreshing native plugins compatible for Editor in 0.55 ms, found 1 plugins.
Preloading 0 native plugins for Editor in 0.00 ms.
Unloading 1808 Unused Serialized files (Serialized files now loaded: 0)
System memory in use before: 88.3 MB.
System memory in use after: 88.3 MB.

Unloading 12 unused Assets to reduce memory usage. Loaded Objects now: 2338.
Total: 4.153400 ms (FindLiveObjects: 0.372600 ms CreateObjectMapping: 0.100200 ms MarkObjects: 3.452100 ms  DeleteObjects: 0.226000 ms)

========================================================================
Received Prepare
Registering precompiled user dll's ...
Registered in 0.002043 seconds.
Begin MonoManager ReloadAssembly
Native extension for WindowsStandalone target not found
Refreshing native plugins compatible for Editor in 0.48 ms, found 1 plugins.
Preloading 0 native plugins for Editor in 0.00 ms.
Invoked RoslynAnalysisRunner static constructor.
RoslynAnalysisRunner will not be running.
RoslynAnalysisRunner has terminated.
Mono: successfully reloaded assembly
- Completed reload, in  1.436 seconds
Platform modules already initialized, skipping
Refreshing native plugins compatible for Editor in 0.44 ms, found 1 plugins.
Preloading 0 native plugins for Editor in 0.00 ms.
Unloading 1808 Unused Serialized files (Serialized files now loaded: 0)
System memory in use before: 88.3 MB.
System memory in use after: 88.3 MB.

Unloading 12 unused Assets to reduce memory usage. Loaded Objects now: 2342.
Total: 3.092900 ms (FindLiveObjects: 0.291600 ms CreateObjectMapping: 0.065900 ms MarkObjects: 2.561400 ms  DeleteObjects: 0.172200 ms)

========================================================================
Received Prepare
Registering precompiled user dll's ...
Registered in 0.001896 seconds.
Begin MonoManager ReloadAssembly
Native extension for WindowsStandalone target not found
Refreshing native plugins compatible for Editor in 0.40 ms, found 1 plugins.
Preloading 0 native plugins for Editor in 0.00 ms.
Invoked RoslynAnalysisRunner static constructor.
RoslynAnalysisRunner will not be running.
RoslynAnalysisRunner has terminated.
Mono: successfully reloaded assembly
- Completed reload, in  1.714 seconds
Platform modules already initialized, skipping
Refreshing native plugins compatible for Editor in 0.42 ms, found 1 plugins.
Preloading 0 native plugins for Editor in 0.00 ms.
Unloading 1808 Unused Serialized files (Serialized files now loaded: 0)
System memory in use before: 88.3 MB.
System memory in use after: 88.3 MB.

Unloading 12 unused Assets to reduce memory usage. Loaded Objects now: 2346.
Total: 4.317400 ms (FindLiveObjects: 0.517400 ms CreateObjectMapping: 0.181000 ms MarkObjects: 3.443900 ms  DeleteObjects: 0.173200 ms)

========================================================================
Received Prepare
Registering precompiled user dll's ...
Registered in 0.002651 seconds.
Begin MonoManager ReloadAssembly
Native extension for WindowsStandalone target not found
Refreshing native plugins compatible for Editor in 0.48 ms, found 1 plugins.
Preloading 0 native plugins for Editor in 0.00 ms.
Invoked RoslynAnalysisRunner static constructor.
RoslynAnalysisRunner will not be running.
RoslynAnalysisRunner has terminated.
Mono: successfully reloaded assembly
- Completed reload, in  1.601 seconds
Platform modules already initialized, skipping
Refreshing native plugins compatible for Editor in 0.44 ms, found 1 plugins.
Preloading 0 native plugins for Editor in 0.00 ms.
Unloading 1808 Unused Serialized files (Serialized files now loaded: 0)
System memory in use before: 88.3 MB.
System memory in use after: 88.3 MB.

Unloading 12 unused Assets to reduce memory usage. Loaded Objects now: 2350.
Total: 3.869000 ms (FindLiveObjects: 0.313100 ms CreateObjectMapping: 0.072700 ms MarkObjects: 3.161700 ms  DeleteObjects: 0.318800 ms)

========================================================================
Received Prepare
Registering precompiled user dll's ...
Registered in 0.001809 seconds.
Begin MonoManager ReloadAssembly
Native extension for WindowsStandalone target not found
Refreshing native plugins compatible for Editor in 0.65 ms, found 1 plugins.
Preloading 0 native plugins for Editor in 0.00 ms.
Invoked RoslynAnalysisRunner static constructor.
RoslynAnalysisRunner will not be running.
RoslynAnalysisRunner has terminated.
Mono: successfully reloaded assembly
- Completed reload, in  1.545 seconds
Platform modules already initialized, skipping
Refreshing native plugins compatible for Editor in 0.56 ms, found 1 plugins.
Preloading 0 native plugins for Editor in 0.00 ms.
Unloading 1808 Unused Serialized files (Serialized files now loaded: 0)
System memory in use before: 88.3 MB.
System memory in use after: 88.3 MB.

Unloading 12 unused Assets to reduce memory usage. Loaded Objects now: 2354.
Total: 3.087200 ms (FindLiveObjects: 0.406100 ms CreateObjectMapping: 0.133100 ms MarkObjects: 2.344400 ms  DeleteObjects: 0.201200 ms)

========================================================================
Received Prepare
Registering precompiled user dll's ...
Registered in 0.001754 seconds.
Begin MonoManager ReloadAssembly
Native extension for WindowsStandalone target not found
Refreshing native plugins compatible for Editor in 0.46 ms, found 1 plugins.
Preloading 0 native plugins for Editor in 0.00 ms.
Invoked RoslynAnalysisRunner static constructor.
RoslynAnalysisRunner will not be running.
RoslynAnalysisRunner has terminated.
Mono: successfully reloaded assembly
- Completed reload, in  1.704 seconds
Platform modules already initialized, skipping
Refreshing native plugins compatible for Editor in 0.60 ms, found 1 plugins.
Preloading 0 native plugins for Editor in 0.00 ms.
Unloading 1808 Unused Serialized files (Serialized files now loaded: 0)
System memory in use before: 88.3 MB.
System memory in use after: 88.3 MB.

Unloading 12 unused Assets to reduce memory usage. Loaded Objects now: 2358.
Total: 3.282700 ms (FindLiveObjects: 0.332300 ms CreateObjectMapping: 0.069000 ms MarkObjects: 2.686100 ms  DeleteObjects: 0.193900 ms)

========================================================================
Received Prepare
Registering precompiled user dll's ...
Registered in 0.001706 seconds.
Begin MonoManager ReloadAssembly
Native extension for WindowsStandalone target not found
Refreshing native plugins compatible for Editor in 0.46 ms, found 1 plugins.
Preloading 0 native plugins for Editor in 0.00 ms.
Invoked RoslynAnalysisRunner static constructor.
RoslynAnalysisRunner will not be running.
RoslynAnalysisRunner has terminated.
Mono: successfully reloaded assembly
- Completed reload, in  1.511 seconds
Platform modules already initialized, skipping
Refreshing native plugins compatible for Editor in 0.78 ms, found 1 plugins.
Preloading 0 native plugins for Editor in 0.00 ms.
Unloading 1808 Unused Serialized files (Serialized files now loaded: 0)
System memory in use before: 88.3 MB.
System memory in use after: 88.3 MB.

Unloading 12 unused Assets to reduce memory usage. Loaded Objects now: 2362.
Total: 3.764100 ms (FindLiveObjects: 0.395600 ms CreateObjectMapping: 0.143500 ms MarkObjects: 3.052600 ms  DeleteObjects: 0.170300 ms)

========================================================================
Received Prepare
Registering precompiled user dll's ...
Registered in 0.001495 seconds.
Begin MonoManager ReloadAssembly
Native extension for WindowsStandalone target not found
Refreshing native plugins compatible for Editor in 0.55 ms, found 1 plugins.
Preloading 0 native plugins for Editor in 0.00 ms.
Invoked RoslynAnalysisRunner static constructor.
RoslynAnalysisRunner will not be running.
RoslynAnalysisRunner has terminated.
Mono: successfully reloaded assembly
- Completed reload, in  1.458 seconds
Platform modules already initialized, skipping
Refreshing native plugins compatible for Editor in 1.00 ms, found 1 plugins.
Preloading 0 native plugins for Editor in 0.00 ms.
Unloading 1808 Unused Serialized files (Serialized files now loaded: 0)
System memory in use before: 88.4 MB.
System memory in use after: 88.3 MB.

Unloading 12 unused Assets to reduce memory usage. Loaded Objects now: 2366.
Total: 2.901000 ms (FindLiveObjects: 0.503300 ms CreateObjectMapping: 0.068300 ms MarkObjects: 2.175700 ms  DeleteObjects: 0.147000 ms)

========================================================================
Received Prepare
Registering precompiled user dll's ...
Registered in 0.002332 seconds.
Begin MonoManager ReloadAssembly
Native extension for WindowsStandalone target not found
Refreshing native plugins compatible for Editor in 0.56 ms, found 1 plugins.
Preloading 0 native plugins for Editor in 0.00 ms.
Invoked RoslynAnalysisRunner static constructor.
RoslynAnalysisRunner will not be running.
RoslynAnalysisRunner has terminated.
Mono: successfully reloaded assembly
- Completed reload, in  1.547 seconds
Platform modules already initialized, skipping
Refreshing native plugins compatible for Editor in 0.55 ms, found 1 plugins.
Preloading 0 native plugins for Editor in 0.00 ms.
Unloading 1808 Unused Serialized files (Serialized files now loaded: 0)
System memory in use before: 88.4 MB.
System memory in use after: 88.3 MB.

Unloading 12 unused Assets to reduce memory usage. Loaded Objects now: 2370.
Total: 3.830500 ms (FindLiveObjects: 0.307900 ms CreateObjectMapping: 0.057600 ms MarkObjects: 3.281300 ms  DeleteObjects: 0.180800 ms)

========================================================================
Received Prepare
Registering precompiled user dll's ...
Registered in 0.002360 seconds.
Begin MonoManager ReloadAssembly
Native extension for WindowsStandalone target not found
Refreshing native plugins compatible for Editor in 0.66 ms, found 1 plugins.
Preloading 0 native plugins for Editor in 0.00 ms.
Invoked RoslynAnalysisRunner static constructor.
RoslynAnalysisRunner will not be running.
RoslynAnalysisRunner has terminated.
Mono: successfully reloaded assembly
- Completed reload, in  1.838 seconds
Platform modules already initialized, skipping
Refreshing native plugins compatible for Editor in 0.48 ms, found 1 plugins.
Preloading 0 native plugins for Editor in 0.00 ms.
Unloading 1808 Unused Serialized files (Serialized files now loaded: 0)
System memory in use before: 88.4 MB.
System memory in use after: 88.4 MB.

Unloading 12 unused Assets to reduce memory usage. Loaded Objects now: 2374.
Total: 2.749400 ms (FindLiveObjects: 0.270500 ms CreateObjectMapping: 0.058900 ms MarkObjects: 2.269400 ms  DeleteObjects: 0.149200 ms)

========================================================================
Received Prepare
Registering precompiled user dll's ...
Registered in 0.001803 seconds.
Begin MonoManager ReloadAssembly
Native extension for WindowsStandalone target not found
Refreshing native plugins compatible for Editor in 0.47 ms, found 1 plugins.
Preloading 0 native plugins for Editor in 0.00 ms.
Invoked RoslynAnalysisRunner static constructor.
RoslynAnalysisRunner will not be running.
RoslynAnalysisRunner has terminated.
Mono: successfully reloaded assembly
- Completed reload, in  1.455 seconds
Platform modules already initialized, skipping
Refreshing native plugins compatible for Editor in 0.54 ms, found 1 plugins.
Preloading 0 native plugins for Editor in 0.00 ms.
Unloading 1808 Unused Serialized files (Serialized files now loaded: 0)
System memory in use before: 88.4 MB.
System memory in use after: 88.4 MB.

Unloading 12 unused Assets to reduce memory usage. Loaded Objects now: 2378.
Total: 3.240000 ms (FindLiveObjects: 0.238000 ms CreateObjectMapping: 0.057500 ms MarkObjects: 2.774300 ms  DeleteObjects: 0.168600 ms)

========================================================================
Received Prepare
Refreshing native plugins compatible for Editor in 4.59 ms, found 1 plugins.
Preloading 0 native plugins for Editor in 0.00 ms.
Unloading 10 Unused Serialized files (Serialized files now loaded: 0)
System memory in use before: 52.8 MB.
System memory in use after: 52.8 MB.

Unloading 10 unused Assets to reduce memory usage. Loaded Objects now: 2378.
Total: 5.233700 ms (FindLiveObjects: 0.451300 ms CreateObjectMapping: 0.101900 ms MarkObjects: 4.164300 ms  DeleteObjects: 0.512800 ms)

AssetImportWorkerClient::OnTransportError - code=2 error=End of file
